<?xml version="1.0" encoding="UTF-8"?>
<!-- Generated by org.testng.reporters.JUnitXMLReporter -->
<testsuite ignored="2" hostname="DESKTOP-V88DC5U" failures="1" tests="4" name="Test" time="170.873" errors="0" timestamp="2025-06-10T17:45:08 IST">
  <testcase classname="com.test.testng.test.InvalidTestCasePre_Registration" name="fetchSMSDataFromDB" time="7.535"/>
  <testcase classname="com.test.testng.test.InvalidTestCasePre_Registration" name="patientRegistrationTC" time="76.258">
    <failure type="java.lang.AssertionError" message="Error while Clicking on the web element... ">
      <![CDATA[java.lang.AssertionError: Error while Clicking on the web element... 
at com.test.ui.helper.CommanUtill.clickFunction(CommanUtill.java:316)
at com.test.testng.page.PreRegisterPage.clickOnRegisterSuccessfullyPop(PreRegisterPage.java:423)
at com.test.testng.test.InvalidTestCasePre_Registration.patientRegistrationTC(InvalidTestCasePre_Registration.java:88)
at java.base/java.util.ArrayList.forEach(ArrayList.java:1596)
... Removed 26 stack frames]]>
    </failure>
  </testcase> <!-- patientRegistrationTC -->
  <testcase classname="com.test.testng.test.InvalidLoginWithNicIdTest" name="loginNicID" time="12.861"/>
  <testcase classname="com.test.testng.test.InvalidManageFamilyMemberInMobileNoTest" name="manageFamilyMemberMobileNo" time="22.081"/>
  <testcase classname="com.test.report.Reports" name="@BeforeSuite launch" time="0.0">
    <ignored/>
  </testcase> <!-- @BeforeSuite launch -->
  <testcase classname="com.test.report.Reports" name="@BeforeSuite launch" time="0.0">
    <ignored/>
  </testcase> <!-- @BeforeSuite launch -->
</testsuite> <!-- Test -->
