<?xml version="1.0" encoding="UTF-8"?>
<testng-results ignored="0" total="1" passed="1" failed="0" skipped="0">
  <reporter-output>
  </reporter-output>
  <suite started-at="2025-10-13T16:58:43 IST" name="Default suite" finished-at="2025-10-13T17:00:09 IST" duration-ms="85944">
    <groups>
    </groups>
    <test started-at="2025-10-13T16:58:43 IST" name="Default test" finished-at="2025-10-13T17:00:09 IST" duration-ms="85944">
      <class name="com.test.testng.test.PatientPreRegisterTest_1">
        <test-method is-config="true" signature="launch()[pri:0, instance:com.test.testng.test.PatientPreRegisterTest_1@614ca7df]" started-at="2025-10-13T16:58:43 IST" name="launch" finished-at="2025-10-13T16:58:43 IST" duration-ms="149" status="PASS">
          <reporter-output>
          </reporter-output>
        </test-method> <!-- launch -->
        <test-method is-config="true" signature="launchBrowser()[pri:0, instance:com.test.testng.test.PatientPreRegisterTest_1@614ca7df]" started-at="2025-10-13T16:58:43 IST" name="launchBrowser" finished-at="2025-10-13T16:59:01 IST" duration-ms="17369" status="PASS">
          <reporter-output>
          </reporter-output>
        </test-method> <!-- launchBrowser -->
        <test-method signature="fetchSMSDataFromDB(java.lang.String,java.lang.String,java.lang.String,java.lang.String,java.lang.String,java.lang.String,java.lang.String,java.lang.String,java.lang.String,java.lang.String,java.lang.String,java.lang.String,java.lang.String,java.lang.String,java.lang.String,java.lang.String,java.lang.String,java.lang.String)[pri:0, instance:com.test.testng.test.PatientPreRegisterTest_1@614ca7df]" started-at="2025-10-13T16:59:01 IST" name="fetchSMSDataFromDB" data-provider="ExcelUniversalDataProvider" finished-at="2025-10-13T17:00:08 IST" duration-ms="67396" status="PASS">
          <params>
            <param index="0">
              <value>
                <![CDATA[12345678]]>
              </value>
            </param>
            <param index="1">
              <value>
                <![CDATA[abc@gmail.com]]>
              </value>
            </param>
            <param index="2">
              <value>
                <![CDATA[NIC]]>
              </value>
            </param>
            <param index="3">
              <value>
                <![CDATA[AUTOMATION]]>
              </value>
            </param>
            <param index="4">
              <value>
                <![CDATA[Mr.]]>
              </value>
            </param>
            <param index="5">
              <value>
                <![CDATA[Santosh]]>
              </value>
            </param>
            <param index="6">
              <value>
                <![CDATA[SHARMA]]>
              </value>
            </param>
            <param index="7">
              <value>
                <![CDATA[21/02/1990]]>
              </value>
            </param>
            <param index="8">
              <value>
                <![CDATA[Year(s)]]>
              </value>
            </param>
            <param index="9">
              <value>
                <![CDATA[Male]]>
              </value>
            </param>
            <param index="10">
              <value>
                <![CDATA[Single]]>
              </value>
            </param>
            <param index="11">
              <value>
                <![CDATA[DELHI]]>
              </value>
            </param>
            <param index="12">
              <value>
                <![CDATA[110033.0]]>
              </value>
            </param>
            <param index="13">
              <value>
                <![CDATA[India]]>
              </value>
            </param>
            <param index="14">
              <value>
                <![CDATA[DELHI]]>
              </value>
            </param>
            <param index="15">
              <value>
                <![CDATA[New Delhi]]>
              </value>
            </param>
            <param index="16">
              <value>
                <![CDATA[Abhey Garden]]>
              </value>
            </param>
            <param index="17">
              <value>
                <![CDATA[Street 44370]]>
              </value>
            </param>
          </params>
          <reporter-output>
          </reporter-output>
        </test-method> <!-- fetchSMSDataFromDB -->
        <test-method is-config="true" signature="reportclosewindows()[pri:0, instance:com.test.testng.test.PatientPreRegisterTest_1@614ca7df]" started-at="2025-10-13T17:00:08 IST" name="reportclosewindows" finished-at="2025-10-13T17:00:09 IST" duration-ms="470" status="PASS">
          <reporter-output>
          </reporter-output>
        </test-method> <!-- reportclosewindows -->
      </class> <!-- com.test.testng.test.PatientPreRegisterTest_1 -->
    </test> <!-- Default test -->
  </suite> <!-- Default suite -->
</testng-results>
