<?xml version="1.0" encoding="UTF-8"?>
<testng-results ignored="0" total="1" passed="0" failed="1" skipped="0">
  <reporter-output>
  </reporter-output>
  <suite started-at="2025-11-10T12:24:57 IST" name="Default suite" finished-at="2025-11-10T12:25:15 IST" duration-ms="17936">
    <groups>
    </groups>
    <test started-at="2025-11-10T12:24:57 IST" name="Default test" finished-at="2025-11-10T12:25:15 IST" duration-ms="17936">
      <class name="com.test.testng.test.PatientPreRegisterTest_1">
        <test-method is-config="true" signature="launch()[pri:0, instance:com.test.testng.test.PatientPreRegisterTest_1@1b1426f4]" started-at="2025-11-10T12:24:57 IST" name="launch" finished-at="2025-11-10T12:24:57 IST" duration-ms="100" status="PASS">
          <reporter-output>
          </reporter-output>
        </test-method> <!-- launch -->
        <test-method is-config="true" signature="launchBrowser()[pri:0, instance:com.test.testng.test.PatientPreRegisterTest_1@1b1426f4]" started-at="2025-11-10T12:24:58 IST" name="launchBrowser" finished-at="2025-11-10T12:25:13 IST" duration-ms="14782" status="PASS">
          <reporter-output>
          </reporter-output>
        </test-method> <!-- launchBrowser -->
        <test-method signature="fetchSMSDataFromDB(java.lang.String,java.lang.String,java.lang.String,java.lang.String,java.lang.String,java.lang.String,java.lang.String,java.lang.String,java.lang.String,java.lang.String,java.lang.String,java.lang.String,java.lang.String,java.lang.String,java.lang.String,java.lang.String,java.lang.String,java.lang.String)[pri:0, instance:com.test.testng.test.PatientPreRegisterTest_1@1b1426f4]" started-at="2025-11-10T12:25:13 IST" name="fetchSMSDataFromDB" data-provider="ExcelUniversalDataProvider" finished-at="2025-11-10T12:25:15 IST" duration-ms="2465" status="FAIL">
          <params>
            <param index="0">
              <value>
                <![CDATA[12345678]]>
              </value>
            </param>
            <param index="1">
              <value>
                <![CDATA[abc@gmail.com]]>
              </value>
            </param>
            <param index="2">
              <value>
                <![CDATA[NIC]]>
              </value>
            </param>
            <param index="3">
              <value>
                <![CDATA[AUTOMATION]]>
              </value>
            </param>
            <param index="4">
              <value>
                <![CDATA[Mr.]]>
              </value>
            </param>
            <param index="5">
              <value>
                <![CDATA[Anup]]>
              </value>
            </param>
            <param index="6">
              <value>
                <![CDATA[SHARMA]]>
              </value>
            </param>
            <param index="7">
              <value>
                <![CDATA[21/02/1990]]>
              </value>
            </param>
            <param index="8">
              <value>
                <![CDATA[Year(s)]]>
              </value>
            </param>
            <param index="9">
              <value>
                <![CDATA[Male]]>
              </value>
            </param>
            <param index="10">
              <value>
                <![CDATA[Single]]>
              </value>
            </param>
            <param index="11">
              <value>
                <![CDATA[DELHI]]>
              </value>
            </param>
            <param index="12">
              <value>
                <![CDATA[42704.0]]>
              </value>
            </param>
            <param index="13">
              <value>
                <![CDATA[Mauritius]]>
              </value>
            </param>
            <param index="14">
              <value>
                <![CDATA[Flacq]]>
              </value>
            </param>
            <param index="15">
              <value>
                <![CDATA[Central Flacq]]>
              </value>
            </param>
            <param index="16">
              <value>
                <![CDATA[Abhey Garden]]>
              </value>
            </param>
            <param index="17">
              <value>
                <![CDATA[Street 44370]]>
              </value>
            </param>
          </params>
          <exception class="java.lang.AssertionError">
            <message>
              <![CDATA[Exception while capturing screen shotinvalid session id
Build info: version: '3.141.59', revision: 'e82be7d358', time: '2018-11-14T08:17:03'
System info: host: 'DESKTOP-V88DC5U', ip: '10.10.10.149', os.name: 'Windows 11', os.arch: 'amd64', os.version: '10.0', java.version: '21.0.5'
Driver info: org.openqa.selenium.chrome.ChromeDriver
Capabilities {acceptInsecureCerts: true, browserName: chrome, browserVersion: 142.0.7444.60, chrome: {chromedriverVersion: 142.0.7444.61 (9884f628acbc..., userDataDir: C:\Users\ANUP~1.DES\AppData...}, fedcm:accounts: true, goog:chromeOptions: {debuggerAddress: localhost:59086}, goog:processID: 17060, javascriptEnabled: true, networkConnectionEnabled: false, pageLoadStrategy: normal, platform: WINDOWS, platformName: WINDOWS, proxy: Proxy(), setWindowRect: true, strictFileInteractability: false, timeouts: {implicit: 0, pageLoad: 300000, script: 30000}, unhandledPromptBehavior: dismiss and notify, webauthn:extension:credBlob: true, webauthn:extension:largeBlob: true, webauthn:extension:minPinLength: true, webauthn:extension:prf: true, webauthn:virtualAuthenticators: true}
Session ID: 8f96e91660bdc9a70405bb97cdd918a0]]>
            </message>
            <full-stacktrace>
              <![CDATA[java.lang.AssertionError: Exception while capturing screen shotinvalid session id
Build info: version: '3.141.59', revision: 'e82be7d358', time: '2018-11-14T08:17:03'
System info: host: 'DESKTOP-V88DC5U', ip: '10.10.10.149', os.name: 'Windows 11', os.arch: 'amd64', os.version: '10.0', java.version: '21.0.5'
Driver info: org.openqa.selenium.chrome.ChromeDriver
Capabilities {acceptInsecureCerts: true, browserName: chrome, browserVersion: 142.0.7444.60, chrome: {chromedriverVersion: 142.0.7444.61 (9884f628acbc..., userDataDir: C:\Users\ANUP~1.DES\AppData...}, fedcm:accounts: true, goog:chromeOptions: {debuggerAddress: localhost:59086}, goog:processID: 17060, javascriptEnabled: true, networkConnectionEnabled: false, pageLoadStrategy: normal, platform: WINDOWS, platformName: WINDOWS, proxy: Proxy(), setWindowRect: true, strictFileInteractability: false, timeouts: {implicit: 0, pageLoad: 300000, script: 30000}, unhandledPromptBehavior: dismiss and notify, webauthn:extension:credBlob: true, webauthn:extension:largeBlob: true, webauthn:extension:minPinLength: true, webauthn:extension:prf: true, webauthn:virtualAuthenticators: true}
Session ID: 8f96e91660bdc9a70405bb97cdd918a0
at org.testng.Assert.fail(Assert.java:111)
at com.test.ui.helper.CommanUtill.failureScreenShotPics(CommanUtill.java:195)
at com.test.ui.helper.CommanUtill.clickFunction(CommanUtill.java:325)
at com.test.testng.page.PreRegisterPage.clickOnProfilePicAndLogout(PreRegisterPage.java:73)
at com.test.testng.test.PatientPreRegisterTest_1.fetchSMSDataFromDB(PatientPreRegisterTest_1.java:45)
at java.base/jdk.internal.reflect.DirectMethodHandleAccessor.invoke(DirectMethodHandleAccessor.java:103)
at java.base/java.lang.reflect.Method.invoke(Method.java:580)
at org.testng.internal.invokers.MethodInvocationHelper.invokeMethod(MethodInvocationHelper.java:141)
at org.testng.internal.invokers.TestInvoker.invokeMethod(TestInvoker.java:687)
at org.testng.internal.invokers.TestInvoker.invokeTestMethod(TestInvoker.java:230)
at org.testng.internal.invokers.MethodRunner.runInSequence(MethodRunner.java:63)
at org.testng.internal.invokers.TestInvoker$MethodInvocationAgent.invoke(TestInvoker.java:995)
at org.testng.internal.invokers.TestInvoker.invokeTestMethods(TestInvoker.java:203)
at org.testng.internal.invokers.TestMethodWorker.invokeTestMethods(TestMethodWorker.java:154)
at org.testng.internal.invokers.TestMethodWorker.run(TestMethodWorker.java:134)
at java.base/java.util.ArrayList.forEach(ArrayList.java:1596)
at org.testng.TestRunner.privateRun(TestRunner.java:741)
at org.testng.TestRunner.run(TestRunner.java:616)
at org.testng.SuiteRunner.runTest(SuiteRunner.java:421)
at org.testng.SuiteRunner.runSequentially(SuiteRunner.java:413)
at org.testng.SuiteRunner.privateRun(SuiteRunner.java:373)
at org.testng.SuiteRunner.run(SuiteRunner.java:312)
at org.testng.SuiteRunnerWorker.runSuite(SuiteRunnerWorker.java:52)
at org.testng.SuiteRunnerWorker.run(SuiteRunnerWorker.java:95)
at org.testng.TestNG.runSuitesSequentially(TestNG.java:1274)
at org.testng.TestNG.runSuitesLocally(TestNG.java:1208)
at org.testng.TestNG.runSuites(TestNG.java:1112)
at org.testng.TestNG.run(TestNG.java:1079)
at org.testng.remote.AbstractRemoteTestNG.run(AbstractRemoteTestNG.java:115)
at org.testng.remote.RemoteTestNG.initAndRun(RemoteTestNG.java:293)
at org.testng.remote.RemoteTestNG.main(RemoteTestNG.java:91)
]]>
            </full-stacktrace>
          </exception> <!-- java.lang.AssertionError -->
          <reporter-output>
          </reporter-output>
        </test-method> <!-- fetchSMSDataFromDB -->
        <test-method is-config="true" signature="reportclosewindows()[pri:0, instance:com.test.testng.test.PatientPreRegisterTest_1@1b1426f4]" started-at="2025-11-10T12:25:15 IST" name="reportclosewindows" finished-at="2025-11-10T12:25:15 IST" duration-ms="224" status="PASS">
          <reporter-output>
          </reporter-output>
        </test-method> <!-- reportclosewindows -->
      </class> <!-- com.test.testng.test.PatientPreRegisterTest_1 -->
    </test> <!-- Default test -->
  </suite> <!-- Default suite -->
</testng-results>
