<?xml version="1.0" encoding="UTF-8"?>
<!-- Generated by org.testng.reporters.JUnitReportReporter -->
<testsuite hostname="DESKTOP-V88DC5U" failures="0" tests="2" name="com.test.testng.test.LoginOtpWithMobileNoTest" time="50.783" errors="0" timestamp="2025-06-10T12:15:14 IST" skipped="0">
  <testcase classname="com.test.testng.test.LoginOtpWithMobileNoTest" name="LoginWithOtp" time="10.912"/>
  <testcase classname="com.test.testng.test.LoginOtpWithMobileNoTest" name="connectAndFetchSMSLoginOtp" time="39.871"/>
</testsuite> <!-- com.test.testng.test.LoginOtpWithMobileNoTest -->
