<?xml version="1.0" encoding="UTF-8"?>
<!-- Generated by org.testng.reporters.JUnitReportReporter -->
<testsuite hostname="DESKTOP-V88DC5U" failures="0" tests="2" name="com.test.testng.test.PatientExternalDocumentTest" time="36.996" errors="0" timestamp="2025-06-10T12:15:14 IST" skipped="0">
  <testcase classname="com.test.testng.test.PatientExternalDocumentTest" name="patientExternaldoc" time="26.920"/>
  <testcase classname="com.test.testng.test.PatientExternalDocumentTest" name="uploadDocumentViewDwonload" time="10.076"/>
</testsuite> <!-- com.test.testng.test.PatientExternalDocumentTest -->
