<?xml version="1.0" encoding="UTF-8"?>
<!-- Generated by org.testng.reporters.JUnitReportReporter -->
<testsuite hostname="DESKTOP-V88DC5U" failures="0" tests="1" name="com.test.testng.test.InvalidManageFamilyMemberInMobileNoTest" time="22.206" errors="0" timestamp="2025-06-10T17:45:09 IST" skipped="0">
  <testcase classname="com.test.testng.test.InvalidManageFamilyMemberInMobileNoTest" name="manageFamilyMemberMobileNo" time="22.206"/>
</testsuite> <!-- com.test.testng.test.InvalidManageFamilyMemberInMobileNoTest -->
