<?xml version="1.0" encoding="UTF-8"?>
<!-- Generated by org.testng.reporters.JUnitReportReporter -->
<testsuite hostname="LAPTOP-KTAT0FDJ" failures="1" tests="26" name="com.test.testng.test.TC001_GCC_UAT_PAtientRegistration" time="138.495" errors="1" timestamp="2025-06-27T17:45:24 IST" skipped="0">
  <testcase classname="com.test.testng.test.TC001_GCC_UAT_PAtientRegistration" name="selectFacility" time="1.976"/>
  <system-out/>
  <testcase classname="com.test.testng.test.TC001_GCC_UAT_PAtientRegistration" name="clickSubmitFacility" time="1.053"/>
  <system-out/>
  <testcase classname="com.test.testng.test.TC001_GCC_UAT_PAtientRegistration" name="clickYesDesh" time="2.250"/>
  <system-out/>
  <testcase classname="com.test.testng.test.TC001_GCC_UAT_PAtientRegistration" name="selectDepartment" time="30.147">
    <error message="no such element: Unable to locate element: {&quot;method&quot;:&quot;xpath&quot;,&quot;selector&quot;:&quot;//*[@id=&#039;Department&#039;]&quot;}
  (Session info: chrome=137.0.7151.120)
For documentation on this error, please visit: https://www.seleniumhq.org/exceptions/no_such_element.html
Build info: version: &#039;3.141.59&#039;, revision: &#039;e82be7d358&#039;, time: &#039;2018-11-14T08:17:03&#039;
System info: host: &#039;LAPTOP-KTAT0FDJ&#039;, ip: &#039;10.10.11.199&#039;, os.name: &#039;Windows 11&#039;, os.arch: &#039;amd64&#039;, os.version: &#039;10.0&#039;, java.version: &#039;23&#039;
Driver info: org.openqa.selenium.chrome.ChromeDriver
Capabilities {acceptInsecureCerts: true, browserName: chrome, browserVersion: 137.0.7151.120, chrome: {chromedriverVersion: 136.0.7103.94 (fa0be0b33deb..., userDataDir: C:\Users\Ashutosh\AppData\L...}, fedcm:accounts: true, goog:chromeOptions: {debuggerAddress: localhost:65504}, javascriptEnabled: true, networkConnectionEnabled: false, pageLoadStrategy: normal, platform: WINDOWS, platformName: WINDOWS, proxy: Proxy(), setWindowRect: true, strictFileInteractability: false, timeouts: {implicit: 0, pageLoad: 300000, script: 30000}, unhandledPromptBehavior: dismiss and notify, webauthn:extension:credBlob: true, webauthn:extension:largeBlob: true, webauthn:extension:minPinLength: true, webauthn:extension:prf: true, webauthn:virtualAuthenticators: true}
Session ID: b1df9c454c4c6b904ec914701fe5b406
*** Element info: {Using=xpath, value=//*[@id=&#039;Department&#039;]}" type="org.openqa.selenium.NoSuchElementException">
      <![CDATA[org.openqa.selenium.NoSuchElementException: no such element: Unable to locate element: {"method":"xpath","selector":"//*[@id='Department']"}
  (Session info: chrome=137.0.7151.120)
For documentation on this error, please visit: https://www.seleniumhq.org/exceptions/no_such_element.html
Build info: version: '3.141.59', revision: 'e82be7d358', time: '2018-11-14T08:17:03'
System info: host: 'LAPTOP-KTAT0FDJ', ip: '10.10.11.199', os.name: 'Windows 11', os.arch: 'amd64', os.version: '10.0', java.version: '23'
Driver info: org.openqa.selenium.chrome.ChromeDriver
Capabilities {acceptInsecureCerts: true, browserName: chrome, browserVersion: 137.0.7151.120, chrome: {chromedriverVersion: 136.0.7103.94 (fa0be0b33deb..., userDataDir: C:\Users\Ashutosh\AppData\L...}, fedcm:accounts: true, goog:chromeOptions: {debuggerAddress: localhost:65504}, javascriptEnabled: true, networkConnectionEnabled: false, pageLoadStrategy: normal, platform: WINDOWS, platformName: WINDOWS, proxy: Proxy(), setWindowRect: true, strictFileInteractability: false, timeouts: {implicit: 0, pageLoad: 300000, script: 30000}, unhandledPromptBehavior: dismiss and notify, webauthn:extension:credBlob: true, webauthn:extension:largeBlob: true, webauthn:extension:minPinLength: true, webauthn:extension:prf: true, webauthn:virtualAuthenticators: true}
Session ID: b1df9c454c4c6b904ec914701fe5b406
*** Element info: {Using=xpath, value=//*[@id='Department']}
at java.base/jdk.internal.reflect.DirectConstructorHandleAccessor.newInstance(DirectConstructorHandleAccessor.java:62)
at java.base/java.lang.reflect.Constructor.newInstanceWithCaller(Constructor.java:501)
at java.base/java.lang.reflect.Constructor.newInstance(Constructor.java:485)
at org.openqa.selenium.remote.http.W3CHttpResponseCodec.createException(W3CHttpResponseCodec.java:187)
at org.openqa.selenium.remote.http.W3CHttpResponseCodec.decode(W3CHttpResponseCodec.java:122)
at org.openqa.selenium.remote.http.W3CHttpResponseCodec.decode(W3CHttpResponseCodec.java:49)
at org.openqa.selenium.remote.HttpCommandExecutor.execute(HttpCommandExecutor.java:158)
at org.openqa.selenium.remote.service.DriverCommandExecutor.execute(DriverCommandExecutor.java:83)
at org.openqa.selenium.remote.RemoteWebDriver.execute(RemoteWebDriver.java:552)
at org.openqa.selenium.remote.RemoteWebDriver.findElement(RemoteWebDriver.java:323)
at org.openqa.selenium.remote.RemoteWebDriver.findElementByXPath(RemoteWebDriver.java:428)
at org.openqa.selenium.By$ByXPath.findElement(By.java:353)
at org.openqa.selenium.remote.RemoteWebDriver.findElement(RemoteWebDriver.java:315)
at com.test.ui.helper.CommanUtill.dropdownSelectByVisibleText(CommanUtill.java:1624)
at com.test.main.page.GCC_PatientRegistration.SelectDepartment(GCC_PatientRegistration.java:70)
at com.test.testng.test.TC001_GCC_UAT_PAtientRegistration.selectDepartment(TC001_GCC_UAT_PAtientRegistration.java:67)
at java.base/jdk.internal.reflect.DirectMethodHandleAccessor.invoke(DirectMethodHandleAccessor.java:103)
at java.base/java.lang.reflect.Method.invoke(Method.java:580)
at org.testng.internal.MethodInvocationHelper.invokeMethod(MethodInvocationHelper.java:133)
at org.testng.internal.TestInvoker.invokeMethod(TestInvoker.java:598)
at org.testng.internal.TestInvoker.invokeTestMethod(TestInvoker.java:173)
at org.testng.internal.MethodRunner.runInSequence(MethodRunner.java:46)
at org.testng.internal.TestInvoker$MethodInvocationAgent.invoke(TestInvoker.java:824)
at org.testng.internal.TestInvoker.invokeTestMethods(TestInvoker.java:146)
at org.testng.internal.TestMethodWorker.invokeTestMethods(TestMethodWorker.java:146)
at org.testng.internal.TestMethodWorker.run(TestMethodWorker.java:128)
at java.base/java.util.ArrayList.forEach(ArrayList.java:1597)
at org.testng.TestRunner.privateRun(TestRunner.java:794)
at org.testng.TestRunner.run(TestRunner.java:596)
at org.testng.SuiteRunner.runTest(SuiteRunner.java:377)
at org.testng.SuiteRunner.runSequentially(SuiteRunner.java:371)
at org.testng.SuiteRunner.privateRun(SuiteRunner.java:332)
at org.testng.SuiteRunner.run(SuiteRunner.java:276)
at org.testng.SuiteRunnerWorker.runSuite(SuiteRunnerWorker.java:53)
at org.testng.SuiteRunnerWorker.run(SuiteRunnerWorker.java:96)
at org.testng.TestNG.runSuitesSequentially(TestNG.java:1212)
at org.testng.TestNG.runSuitesLocally(TestNG.java:1134)
at org.testng.TestNG.runSuites(TestNG.java:1063)
at org.testng.TestNG.run(TestNG.java:1031)
at org.testng.remote.AbstractRemoteTestNG.run(AbstractRemoteTestNG.java:115)
at org.testng.remote.RemoteTestNG.initAndRun(RemoteTestNG.java:293)
at org.testng.remote.RemoteTestNG.main(RemoteTestNG.java:91)
]]>
    </error>
  </testcase> <!-- selectDepartment -->
  <system-out/>
  <testcase classname="com.test.testng.test.TC001_GCC_UAT_PAtientRegistration" name="clickAddPatientMenu" time="0.458"/>
  <system-out/>
  <testcase classname="com.test.testng.test.TC001_GCC_UAT_PAtientRegistration" name="clickPatientRegistration" time="5.798"/>
  <system-out/>
  <testcase classname="com.test.testng.test.TC001_GCC_UAT_PAtientRegistration" name="enterTitle" time="1.527"/>
  <system-out/>
  <testcase classname="com.test.testng.test.TC001_GCC_UAT_PAtientRegistration" name="enterFirstName" time="2.348"/>
  <system-out/>
  <testcase classname="com.test.testng.test.TC001_GCC_UAT_PAtientRegistration" name="enterMiddleName" time="2.193"/>
  <system-out/>
  <testcase classname="com.test.testng.test.TC001_GCC_UAT_PAtientRegistration" name="enterLastName" time="2.458"/>
  <system-out/>
  <testcase classname="com.test.testng.test.TC001_GCC_UAT_PAtientRegistration" name="enterFamilyName" time="2.292"/>
  <system-out/>
  <testcase classname="com.test.testng.test.TC001_GCC_UAT_PAtientRegistration" name="enterDateOfBirth" time="3.246"/>
  <system-out/>
  <testcase classname="com.test.testng.test.TC001_GCC_UAT_PAtientRegistration" name="selectMaritalStatus" time="1.504"/>
  <system-out/>
  <testcase classname="com.test.testng.test.TC001_GCC_UAT_PAtientRegistration" name="enterMotherName" time="2.364"/>
  <system-out/>
  <testcase classname="com.test.testng.test.TC001_GCC_UAT_PAtientRegistration" name="enterRelationName" time="2.174"/>
  <system-out/>
  <testcase classname="com.test.testng.test.TC001_GCC_UAT_PAtientRegistration" name="enterTelephone" time="2.554"/>
  <system-out/>
  <testcase classname="com.test.testng.test.TC001_GCC_UAT_PAtientRegistration" name="clickRegisterButton" time="0.521"/>
  <system-out/>
  <testcase classname="com.test.testng.test.TC001_GCC_UAT_PAtientRegistration" name="clickYesSS" time="30.554">
    <failure message="Error while Clicking on the web element... " type="java.lang.AssertionError">
      <![CDATA[java.lang.AssertionError: Error while Clicking on the web element... 
at org.testng.Assert.fail(Assert.java:99)
at com.test.ui.helper.CommanUtill.click(CommanUtill.java:344)
at com.test.main.page.GCC_PatientRegistration.ClickYesSS(GCC_PatientRegistration.java:158)
at com.test.testng.test.TC001_GCC_UAT_PAtientRegistration.clickYesSS(TC001_GCC_UAT_PAtientRegistration.java:249)
at java.base/jdk.internal.reflect.DirectMethodHandleAccessor.invoke(DirectMethodHandleAccessor.java:103)
at java.base/java.lang.reflect.Method.invoke(Method.java:580)
at org.testng.internal.MethodInvocationHelper.invokeMethod(MethodInvocationHelper.java:133)
at org.testng.internal.TestInvoker.invokeMethod(TestInvoker.java:598)
at org.testng.internal.TestInvoker.invokeTestMethod(TestInvoker.java:173)
at org.testng.internal.MethodRunner.runInSequence(MethodRunner.java:46)
at org.testng.internal.TestInvoker$MethodInvocationAgent.invoke(TestInvoker.java:824)
at org.testng.internal.TestInvoker.invokeTestMethods(TestInvoker.java:146)
at org.testng.internal.TestMethodWorker.invokeTestMethods(TestMethodWorker.java:146)
at org.testng.internal.TestMethodWorker.run(TestMethodWorker.java:128)
at java.base/java.util.ArrayList.forEach(ArrayList.java:1597)
at org.testng.TestRunner.privateRun(TestRunner.java:794)
at org.testng.TestRunner.run(TestRunner.java:596)
at org.testng.SuiteRunner.runTest(SuiteRunner.java:377)
at org.testng.SuiteRunner.runSequentially(SuiteRunner.java:371)
at org.testng.SuiteRunner.privateRun(SuiteRunner.java:332)
at org.testng.SuiteRunner.run(SuiteRunner.java:276)
at org.testng.SuiteRunnerWorker.runSuite(SuiteRunnerWorker.java:53)
at org.testng.SuiteRunnerWorker.run(SuiteRunnerWorker.java:96)
at org.testng.TestNG.runSuitesSequentially(TestNG.java:1212)
at org.testng.TestNG.runSuitesLocally(TestNG.java:1134)
at org.testng.TestNG.runSuites(TestNG.java:1063)
at org.testng.TestNG.run(TestNG.java:1031)
at org.testng.remote.AbstractRemoteTestNG.run(AbstractRemoteTestNG.java:115)
at org.testng.remote.RemoteTestNG.initAndRun(RemoteTestNG.java:293)
at org.testng.remote.RemoteTestNG.main(RemoteTestNG.java:91)
]]>
    </failure>
  </testcase> <!-- clickYesSS -->
  <system-out/>
  <testcase classname="com.test.testng.test.TC001_GCC_UAT_PAtientRegistration" name="enterMobileNumber" time="2.422"/>
  <system-out/>
  <testcase classname="com.test.testng.test.TC001_GCC_UAT_PAtientRegistration" name="enterEmail" time="2.373"/>
  <system-out/>
  <testcase classname="com.test.testng.test.TC001_GCC_UAT_PAtientRegistration" name="enterAddress" time="2.285"/>
  <system-out/>
  <testcase classname="com.test.testng.test.TC001_GCC_UAT_PAtientRegistration" name="selectCity" time="1.428"/>
  <system-out/>
  <testcase classname="com.test.testng.test.TC001_GCC_UAT_PAtientRegistration" name="enterLocation" time="2.162"/>
  <system-out/>
  <testcase classname="com.test.testng.test.TC001_GCC_UAT_PAtientRegistration" name="selectCardType" time="30.947"/>
  <system-out/>
  <testcase classname="com.test.testng.test.TC001_GCC_UAT_PAtientRegistration" name="enterNationalId" time="0.939"/>
  <system-out/>
  <testcase classname="com.test.testng.test.TC001_GCC_UAT_PAtientRegistration" name="ClickRegisterBttn" time="0.522"/>
  <system-out/>
</testsuite> <!-- com.test.testng.test.TC001_GCC_UAT_PAtientRegistration -->
