<?xml version="1.0" encoding="UTF-8"?>
<!-- Generated by org.testng.reporters.JUnitReportReporter -->
<testsuite hostname="LAPTOP-KTAT0FDJ" failures="0" tests="13" name="com.test.testng.test.TC001_Indian_PatientRegistration" time="30.124" errors="0" timestamp="2025-06-30T18:47:09 IST" skipped="0">
  <testcase classname="com.test.testng.test.TC001_Indian_PatientRegistration" name="selectFacility" time="1.739"/>
  <system-out/>
  <testcase classname="com.test.testng.test.TC001_Indian_PatientRegistration" name="clickSubmitOPDImg" time="1.241"/>
  <system-out/>
  <testcase classname="com.test.testng.test.TC001_Indian_PatientRegistration" name="selectDepartment" time="2.596"/>
  <system-out/>
  <testcase classname="com.test.testng.test.TC001_Indian_PatientRegistration" name="clickBtnYesDesh" time="2.178"/>
  <system-out/>
  <testcase classname="com.test.testng.test.TC001_Indian_PatientRegistration" name="clickLinkAddPatient" time="0.703"/>
  <system-out/>
  <testcase classname="com.test.testng.test.TC001_Indian_PatientRegistration" name="clickLinkPatientRegistration" time="4.003"/>
  <system-out/>
  <testcase classname="com.test.testng.test.TC001_Indian_PatientRegistration" name="selectTitle" time="1.774"/>
  <system-out/>
  <testcase classname="com.test.testng.test.TC001_Indian_PatientRegistration" name="enterFirstName" time="2.239"/>
  <system-out/>
  <testcase classname="com.test.testng.test.TC001_Indian_PatientRegistration" name="enterMiddleName" time="2.389"/>
  <system-out/>
  <testcase classname="com.test.testng.test.TC001_Indian_PatientRegistration" name="enterLastName" time="4.298"/>
  <system-out/>
  <testcase classname="com.test.testng.test.TC001_Indian_PatientRegistration" name="enterDOB" time="2.355"/>
  <system-out/>
  <testcase classname="com.test.testng.test.TC001_Indian_PatientRegistration" name="enterMotherName" time="2.212"/>
  <system-out/>
  <testcase classname="com.test.testng.test.TC001_Indian_PatientRegistration" name="enterRelName" time="2.397"/>
  <system-out/>
</testsuite> <!-- com.test.testng.test.TC001_Indian_PatientRegistration -->
