<?xml version="1.0" encoding="UTF-8"?>
<!-- Generated by org.testng.reporters.JUnitReportReporter -->
<testsuite hostname="DESKTOP-V88DC5U" failures="0" tests="4" name="com.test.testng.test.ManageFamilyMemberTest" time="69.677" errors="0" timestamp="2025-06-10T12:15:14 IST" skipped="0">
  <testcase classname="com.test.testng.test.ManageFamilyMemberTest" name="manageFamilyMemberMobileNo" time="17.993"/>
  <testcase classname="com.test.testng.test.ManageFamilyMemberTest" name="connectAndFetchSMSManageFamily" time="22.044"/>
  <testcase classname="com.test.testng.test.ManageFamilyMemberTest" name="manageFamilyAddEdite" time="20.431"/>
  <testcase classname="com.test.testng.test.ManageFamilyMemberTest" name="ManageFamilyDeleted" time="9.209"/>
</testsuite> <!-- com.test.testng.test.ManageFamilyMemberTest -->
