<?xml version="1.0" encoding="UTF-8"?>
<!-- Generated by org.testng.reporters.JUnitReportReporter -->
<testsuite hostname="DESKTOP-V88DC5U" failures="0" tests="2" name="com.test.testng.test.PatientVitalAndTrackerTest" time="170.533" errors="0" timestamp="2025-09-04T11:04:47 IST" skipped="0">
  <testcase classname="com.test.testng.test.PatientVitalAndTrackerTest" name="vitalAndTrackerEdite" time="149.485"/>
  <testcase classname="com.test.testng.test.PatientVitalAndTrackerTest" name="vitalAndTracker" time="21.048"/>
</testsuite> <!-- com.test.testng.test.PatientVitalAndTrackerTest -->
