<?xml version="1.0" encoding="UTF-8"?>
<!-- Generated by org.testng.reporters.JUnitReportReporter -->
<testsuite skipped="0" hostname="IN-ANILK-MBP.local" name="com.test.stepDefination.Annotations_Sequence" tests="2" failures="0" timestamp="26 May 2021 17:20:24 GMT" time="0.007" errors="0">
  <testcase name="testCase1" time="0.005" classname="com.test.stepDefination.Annotations_Sequence"/>
  <testcase name="testCase2" time="0.002" classname="com.test.stepDefination.Annotations_Sequence"/>
</testsuite> <!-- com.test.stepDefination.Annotations_Sequence -->
