<?xml version="1.0" encoding="UTF-8"?>
<!-- Generated by org.testng.reporters.JUnitReportReporter -->
<testsuite hostname="DESKTOP-V88DC5U" failures="0" tests="2" name="com.test.testng.test.PatientVitalAndTrackerTest" time="51.918" errors="0" timestamp="2025-06-10T18:28:44 IST" skipped="0">
  <testcase classname="com.test.testng.test.PatientVitalAndTrackerTest" name="vitalAndTrackerEdite" time="50.434"/>
  <testcase classname="com.test.testng.test.PatientVitalAndTrackerTest" name="vitalAndTracker" time="1.484"/>
</testsuite> <!-- com.test.testng.test.PatientVitalAndTrackerTest -->
